Traceback (most recent call last):
  File "/home/mcl/Área de Trabalho/Projetos/dev_web_python/Day02/ex04/tests.py", line 121, in <module>
    test()
  File "/home/mcl/Área de Trabalho/Projetos/dev_web_python/Day02/ex04/tests.py", line 113, in test
    test_text()
  File "/home/mcl/Área de Trabalho/Projetos/dev_web_python/Day02/ex04/tests.py", line 20, in test_text
    assert str(Text('<')) == '&lt;'
AssertionError

Tests failed!